2025-11-23 11:20:54 - httpx - INFO - HTTP Request: GET http://test/api/v1/admin/users "HTTP/1.1 403 Forbidden"
2025-11-23 11:20:54 - passlib.handlers.bcrypt - WARNING - (trapped) error reading bcrypt version
Traceback (most recent call last):
  File "C:\Users\User\AppData\Local\Programs\Python\Python313\Lib\site-packages\passlib\handlers\bcrypt.py", line 620, in _load_backend_mixin
    version = _bcrypt.__about__.__version__
              ^^^^^^^^^^^^^^^^^
AttributeError: module 'bcrypt' has no attribute '__about__'
2025-11-23 11:20:54 - httpx - INFO - HTTP Request: GET http://test/api/v1/admin/users "HTTP/1.1 403 Forbidden"
2025-11-23 11:20:54 - httpx - INFO - HTTP Request: GET http://test/api/v1/admin/users "HTTP/1.1 200 OK"
2025-11-23 11:20:55 - httpx - INFO - HTTP Request: GET http://test/api/v1/admin/users/2 "HTTP/1.1 200 OK"
2025-11-23 11:20:55 - httpx - INFO - HTTP Request: POST http://test/api/v1/admin/products "HTTP/1.1 201 Created"
2025-11-23 11:20:56 - httpx - INFO - HTTP Request: PUT http://test/api/v1/admin/products/1 "HTTP/1.1 200 OK"
2025-11-23 11:20:56 - httpx - INFO - HTTP Request: DELETE http://test/api/v1/admin/products/1 "HTTP/1.1 204 No Content"
2025-11-23 11:20:56 - httpx - INFO - HTTP Request: POST http://test/api/v1/admin/users/2/add-bonus "HTTP/1.1 200 OK"
2025-11-23 11:20:57 - httpx - INFO - HTTP Request: POST http://test/api/v1/auth/register "HTTP/1.1 400 Bad Request"
2025-11-23 11:20:57 - httpx - INFO - HTTP Request: POST http://test/api/v1/auth/register "HTTP/1.1 409 Conflict"
2025-11-23 11:20:57 - httpx - INFO - HTTP Request: POST http://test/api/v1/auth/register "HTTP/1.1 409 Conflict"
2025-11-23 11:20:57 - httpx - INFO - HTTP Request: POST http://test/api/v1/auth/register "HTTP/1.1 422 Unprocessable Entity"
2025-11-23 11:20:57 - httpx - INFO - HTTP Request: POST http://test/api/v1/auth/register "HTTP/1.1 422 Unprocessable Entity"
2025-11-23 11:20:58 - httpx - INFO - HTTP Request: POST http://test/api/v1/auth/login "HTTP/1.1 200 OK"
2025-11-23 11:20:58 - httpx - INFO - HTTP Request: POST http://test/api/v1/auth/login "HTTP/1.1 401 Unauthorized"
2025-11-23 11:20:58 - httpx - INFO - HTTP Request: POST http://test/api/v1/auth/login "HTTP/1.1 401 Unauthorized"
2025-11-23 11:20:59 - httpx - INFO - HTTP Request: POST http://test/api/v1/auth/login "HTTP/1.1 403 Forbidden"
2025-11-23 11:20:59 - httpx - INFO - HTTP Request: POST http://test/api/v1/auth/login "HTTP/1.1 200 OK"
2025-11-23 11:20:59 - httpx - INFO - HTTP Request: POST http://test/api/v1/auth/refresh "HTTP/1.1 401 Unauthorized"
2025-11-23 11:20:59 - httpx - INFO - HTTP Request: POST http://test/api/v1/auth/refresh "HTTP/1.1 401 Unauthorized"
2025-11-23 11:21:02 - httpx - INFO - HTTP Request: POST http://test/api/v1/auth/refresh "HTTP/1.1 200 OK"
2025-11-23 11:21:02 - httpx - INFO - HTTP Request: GET http://test/api/v1/users/me "HTTP/1.1 403 Forbidden"
2025-11-23 11:21:02 - httpx - INFO - HTTP Request: GET http://test/api/v1/users/me "HTTP/1.1 200 OK"
2025-11-23 11:21:02 - httpx - INFO - HTTP Request: POST http://test/api/v1/auth/change-password "HTTP/1.1 422 Unprocessable Entity"
2025-11-23 11:21:03 - httpx - INFO - HTTP Request: POST http://test/api/v1/auth/change-password "HTTP/1.1 422 Unprocessable Entity"
2025-11-23 11:21:03 - httpx - INFO - HTTP Request: POST http://test/api/v1/auth/change-password "HTTP/1.1 422 Unprocessable Entity"
2025-11-23 11:21:12 - httpx - INFO - HTTP Request: POST http://test/api/v1/auth/reset-password "HTTP/1.1 404 Not Found"
2025-11-23 11:21:12 - httpx - INFO - HTTP Request: POST http://test/api/v1/auth/reset-password "HTTP/1.1 404 Not Found"
2025-11-23 11:21:12 - httpx - INFO - HTTP Request: GET http://test/api/v1/categories "HTTP/1.1 307 Temporary Redirect"
2025-11-23 11:21:12 - httpx - INFO - HTTP Request: GET http://test/api/v1/categories/test-category "HTTP/1.1 200 OK"
2025-11-23 11:21:12 - httpx - INFO - HTTP Request: GET http://test/api/v1/categories/nonexistent-category-slug-12345 "HTTP/1.1 404 Not Found"
2025-11-23 11:21:12 - httpx - INFO - HTTP Request: GET http://test/api/v1/categories "HTTP/1.1 307 Temporary Redirect"
2025-11-23 11:21:12 - httpx - INFO - HTTP Request: GET http://test/api/v1/categories/test-category "HTTP/1.1 200 OK"
2025-11-23 11:21:12 - httpx - INFO - HTTP Request: GET http://test/api/v1/categories "HTTP/1.1 307 Temporary Redirect"
2025-11-23 11:21:13 - httpx - INFO - HTTP Request: GET http://test/api/v1/categories?skip=0&limit=2 "HTTP/1.1 307 Temporary Redirect"
2025-11-23 11:21:13 - httpx - INFO - HTTP Request: GET http://test/api/v1/categories/category-with-image "HTTP/1.1 200 OK"
2025-11-23 11:21:13 - httpx - INFO - HTTP Request: GET http://test/api/v1/categories/test-category "HTTP/1.1 200 OK"
2025-11-23 11:21:13 - httpx - INFO - HTTP Request: POST http://test/api/v1/orders "HTTP/1.1 307 Temporary Redirect"
2025-11-23 11:21:13 - httpx - INFO - HTTP Request: POST http://test/api/v1/orders "HTTP/1.1 307 Temporary Redirect"
2025-11-23 11:21:13 - httpx - INFO - HTTP Request: POST http://test/api/v1/orders "HTTP/1.1 307 Temporary Redirect"
2025-11-23 11:21:14 - httpx - INFO - HTTP Request: POST http://test/api/v1/orders "HTTP/1.1 307 Temporary Redirect"
2025-11-23 11:21:14 - httpx - INFO - HTTP Request: POST http://test/api/v1/orders "HTTP/1.1 307 Temporary Redirect"
2025-11-23 11:21:14 - httpx - INFO - HTTP Request: POST http://test/api/v1/orders "HTTP/1.1 307 Temporary Redirect"
2025-11-23 11:21:15 - httpx - INFO - HTTP Request: GET http://test/api/v1/users/me/orders "HTTP/1.1 200 OK"
2025-11-23 11:21:15 - httpx - INFO - HTTP Request: GET http://test/api/v1/users/me/orders/1 "HTTP/1.1 200 OK"
2025-11-23 11:21:15 - httpx - INFO - HTTP Request: GET http://test/api/v1/users/me/orders/99999 "HTTP/1.1 404 Not Found"
2025-11-23 11:21:16 - httpx - INFO - HTTP Request: GET http://test/api/v1/users/me/orders/1 "HTTP/1.1 404 Not Found"
2025-11-23 11:21:16 - httpx - INFO - HTTP Request: PUT http://test/api/v1/users/me/orders/1/cancel "HTTP/1.1 200 OK"
2025-11-23 11:21:16 - httpx - INFO - HTTP Request: PUT http://test/api/v1/users/me/orders/1/cancel "HTTP/1.1 400 Bad Request"
2025-11-23 11:21:17 - httpx - INFO - HTTP Request: POST http://test/api/v1/users/me/orders/1/reorder "HTTP/1.1 201 Created"
2025-11-23 11:21:17 - httpx - INFO - HTTP Request: POST http://test/api/v1/orders "HTTP/1.1 307 Temporary Redirect"
2025-11-23 11:21:17 - httpx - INFO - HTTP Request: GET http://test/api/v1/products "HTTP/1.1 307 Temporary Redirect"
2025-11-23 11:21:17 - httpx - INFO - HTTP Request: GET http://test/api/v1/products?category_id=1 "HTTP/1.1 307 Temporary Redirect"
2025-11-23 11:21:17 - httpx - INFO - HTTP Request: GET http://test/api/v1/products?search=Test%20 "HTTP/1.1 307 Temporary Redirect"
2025-11-23 11:21:17 - httpx - INFO - HTTP Request: GET http://test/api/v1/products?skip=0&limit=2 "HTTP/1.1 307 Temporary Redirect"
2025-11-23 11:21:17 - httpx - INFO - HTTP Request: GET http://test/api/v1/products/test-product "HTTP/1.1 200 OK"
2025-11-23 11:21:17 - httpx - INFO - HTTP Request: GET http://test/api/v1/products/nonexistent-product-slug-12345 "HTTP/1.1 404 Not Found"
2025-11-23 11:21:17 - httpx - INFO - HTTP Request: GET http://test/api/v1/products "HTTP/1.1 307 Temporary Redirect"
2025-11-23 11:21:17 - httpx - INFO - HTTP Request: GET http://test/api/v1/products/popular?limit=10 "HTTP/1.1 200 OK"
2025-11-23 11:21:18 - httpx - INFO - HTTP Request: GET http://test/api/v1/products?is_new=true "HTTP/1.1 307 Temporary Redirect"
2025-11-23 11:21:18 - httpx - INFO - HTTP Request: GET http://test/api/v1/products/1/recommendations?limit=4 "HTTP/1.1 200 OK"
2025-11-23 11:21:18 - httpx - INFO - HTTP Request: GET http://test/api/v1/products/99999/recommendations?limit=4 "HTTP/1.1 404 Not Found"
2025-11-23 11:21:18 - httpx - INFO - HTTP Request: GET http://test/api/v1/products?category_id=1&is_new=true&is_popular=true "HTTP/1.1 307 Temporary Redirect"
2025-11-23 11:21:18 - httpx - INFO - HTTP Request: GET http://test/api/v1/products?limit=1000 "HTTP/1.1 307 Temporary Redirect"
2025-11-23 11:21:18 - httpx - INFO - HTTP Request: GET http://test/api/v1/products?skip=-1 "HTTP/1.1 307 Temporary Redirect"
2025-11-23 11:21:18 - httpx - INFO - HTTP Request: GET http://test/api/v1/products/test-product "HTTP/1.1 200 OK"
2025-11-23 11:21:18 - httpx - INFO - HTTP Request: GET http://test/api/v1/promotions/nonexistent-promotion-slug-12345 "HTTP/1.1 404 Not Found"
2025-11-23 11:21:19 - httpx - INFO - HTTP Request: GET http://test/api/v1/reviews "HTTP/1.1 307 Temporary Redirect"
2025-11-23 11:21:20 - httpx - INFO - HTTP Request: GET http://test/api/v1/reviews?rating=5 "HTTP/1.1 307 Temporary Redirect"
2025-11-23 11:21:21 - httpx - INFO - HTTP Request: POST http://test/api/v1/reviews "HTTP/1.1 307 Temporary Redirect"
2025-11-23 11:21:21 - httpx - INFO - HTTP Request: POST http://test/api/v1/reviews "HTTP/1.1 307 Temporary Redirect"
2025-11-23 11:21:21 - httpx - INFO - HTTP Request: POST http://test/api/v1/reviews "HTTP/1.1 307 Temporary Redirect"
2025-11-23 11:21:21 - httpx - INFO - HTTP Request: GET http://test/api/v1/reviews/me "HTTP/1.1 200 OK"
2025-11-23 11:21:22 - httpx - INFO - HTTP Request: PUT http://test/api/v1/reviews/me/1 "HTTP/1.1 200 OK"
2025-11-23 11:21:22 - httpx - INFO - HTTP Request: PUT http://test/api/v1/reviews/me/1 "HTTP/1.1 400 Bad Request"
2025-11-23 11:21:22 - httpx - INFO - HTTP Request: DELETE http://test/api/v1/reviews/me/1 "HTTP/1.1 204 No Content"
2025-11-23 11:21:23 - httpx - INFO - HTTP Request: DELETE http://test/api/v1/reviews/me/1 "HTTP/1.1 404 Not Found"
2025-11-23 11:21:23 - httpx - INFO - HTTP Request: POST http://test/api/v1/reviews "HTTP/1.1 307 Temporary Redirect"
2025-11-23 11:21:23 - httpx - INFO - HTTP Request: GET http://test/api/v1/reviews?skip=0&limit=2 "HTTP/1.1 307 Temporary Redirect"
2025-11-23 11:52:05 - httpx - INFO - HTTP Request: GET http://test/api/v1/admin/users "HTTP/1.1 403 Forbidden"
2025-11-23 11:52:05 - passlib.handlers.bcrypt - WARNING - (trapped) error reading bcrypt version
Traceback (most recent call last):
  File "C:\Users\User\AppData\Local\Programs\Python\Python313\Lib\site-packages\passlib\handlers\bcrypt.py", line 620, in _load_backend_mixin
    version = _bcrypt.__about__.__version__
              ^^^^^^^^^^^^^^^^^
AttributeError: module 'bcrypt' has no attribute '__about__'
2025-11-23 11:52:05 - httpx - INFO - HTTP Request: GET http://test/api/v1/admin/users "HTTP/1.1 403 Forbidden"
2025-11-23 11:52:06 - httpx - INFO - HTTP Request: GET http://test/api/v1/admin/users "HTTP/1.1 200 OK"
2025-11-23 11:52:06 - httpx - INFO - HTTP Request: GET http://test/api/v1/admin/users/2 "HTTP/1.1 200 OK"
2025-11-23 11:52:06 - httpx - INFO - HTTP Request: POST http://test/api/v1/admin/products "HTTP/1.1 201 Created"
2025-11-23 11:52:07 - httpx - INFO - HTTP Request: PUT http://test/api/v1/admin/products/1 "HTTP/1.1 200 OK"
2025-11-23 11:52:07 - httpx - INFO - HTTP Request: DELETE http://test/api/v1/admin/products/1 "HTTP/1.1 204 No Content"
2025-11-23 11:52:08 - httpx - INFO - HTTP Request: POST http://test/api/v1/admin/users/2/add-bonus "HTTP/1.1 200 OK"
2025-11-23 11:52:08 - httpx - INFO - HTTP Request: POST http://test/api/v1/auth/register "HTTP/1.1 400 Bad Request"
2025-11-23 11:52:08 - httpx - INFO - HTTP Request: POST http://test/api/v1/auth/register "HTTP/1.1 409 Conflict"
2025-11-23 11:52:08 - httpx - INFO - HTTP Request: POST http://test/api/v1/auth/register "HTTP/1.1 409 Conflict"
2025-11-23 11:52:08 - httpx - INFO - HTTP Request: POST http://test/api/v1/auth/register "HTTP/1.1 422 Unprocessable Entity"
2025-11-23 11:52:08 - httpx - INFO - HTTP Request: POST http://test/api/v1/auth/register "HTTP/1.1 422 Unprocessable Entity"
2025-11-23 11:52:09 - httpx - INFO - HTTP Request: POST http://test/api/v1/auth/login "HTTP/1.1 200 OK"
2025-11-23 11:52:09 - httpx - INFO - HTTP Request: POST http://test/api/v1/auth/login "HTTP/1.1 401 Unauthorized"
2025-11-23 11:52:09 - httpx - INFO - HTTP Request: POST http://test/api/v1/auth/login "HTTP/1.1 401 Unauthorized"
2025-11-23 11:52:10 - httpx - INFO - HTTP Request: POST http://test/api/v1/auth/login "HTTP/1.1 403 Forbidden"
2025-11-23 11:52:10 - httpx - INFO - HTTP Request: POST http://test/api/v1/auth/login "HTTP/1.1 200 OK"
2025-11-23 11:52:10 - httpx - INFO - HTTP Request: POST http://test/api/v1/auth/refresh "HTTP/1.1 401 Unauthorized"
2025-11-23 11:52:10 - httpx - INFO - HTTP Request: POST http://test/api/v1/auth/refresh "HTTP/1.1 401 Unauthorized"
2025-11-23 11:52:13 - httpx - INFO - HTTP Request: POST http://test/api/v1/auth/refresh "HTTP/1.1 200 OK"
2025-11-23 11:52:13 - httpx - INFO - HTTP Request: GET http://test/api/v1/users/me "HTTP/1.1 403 Forbidden"
2025-11-23 11:52:13 - httpx - INFO - HTTP Request: GET http://test/api/v1/users/me "HTTP/1.1 200 OK"
2025-11-23 11:52:14 - httpx - INFO - HTTP Request: POST http://test/api/v1/auth/change-password "HTTP/1.1 422 Unprocessable Entity"
2025-11-23 11:52:14 - httpx - INFO - HTTP Request: POST http://test/api/v1/auth/change-password "HTTP/1.1 422 Unprocessable Entity"
2025-11-23 11:52:14 - httpx - INFO - HTTP Request: POST http://test/api/v1/auth/change-password "HTTP/1.1 422 Unprocessable Entity"
2025-11-23 11:52:14 - httpx - INFO - HTTP Request: POST http://test/api/v1/auth/send-sms "HTTP/1.1 200 OK"
2025-11-23 11:52:14 - httpx - INFO - HTTP Request: POST http://test/api/v1/auth/verify-sms "HTTP/1.1 401 Unauthorized"
2025-11-23 11:52:15 - httpx - INFO - HTTP Request: POST http://test/api/v1/auth/reset-password "HTTP/1.1 404 Not Found"
2025-11-23 11:52:15 - httpx - INFO - HTTP Request: POST http://test/api/v1/auth/reset-password "HTTP/1.1 404 Not Found"
2025-11-23 11:52:15 - httpx - INFO - HTTP Request: GET http://test/api/v1/categories "HTTP/1.1 307 Temporary Redirect"
2025-11-23 11:52:15 - httpx - INFO - HTTP Request: GET http://test/api/v1/categories/test-category "HTTP/1.1 200 OK"
2025-11-23 11:52:15 - httpx - INFO - HTTP Request: GET http://test/api/v1/categories/nonexistent-category-slug-12345 "HTTP/1.1 404 Not Found"
2025-11-23 11:52:15 - httpx - INFO - HTTP Request: GET http://test/api/v1/categories "HTTP/1.1 307 Temporary Redirect"
2025-11-23 11:52:15 - httpx - INFO - HTTP Request: GET http://test/api/v1/categories/test-category "HTTP/1.1 200 OK"
2025-11-23 11:52:15 - httpx - INFO - HTTP Request: GET http://test/api/v1/categories "HTTP/1.1 307 Temporary Redirect"
2025-11-23 11:52:15 - httpx - INFO - HTTP Request: GET http://test/api/v1/categories?skip=0&limit=2 "HTTP/1.1 307 Temporary Redirect"
2025-11-23 11:52:15 - httpx - INFO - HTTP Request: GET http://test/api/v1/categories/category-with-image "HTTP/1.1 200 OK"
2025-11-23 11:52:15 - httpx - INFO - HTTP Request: GET http://test/api/v1/categories/test-category "HTTP/1.1 200 OK"
2025-11-23 11:52:16 - httpx - INFO - HTTP Request: POST http://test/api/v1/orders "HTTP/1.1 307 Temporary Redirect"
2025-11-23 11:52:16 - httpx - INFO - HTTP Request: POST http://test/api/v1/orders "HTTP/1.1 307 Temporary Redirect"
2025-11-23 11:52:16 - httpx - INFO - HTTP Request: POST http://test/api/v1/orders "HTTP/1.1 307 Temporary Redirect"
2025-11-23 11:52:17 - httpx - INFO - HTTP Request: POST http://test/api/v1/orders "HTTP/1.1 307 Temporary Redirect"
2025-11-23 11:52:17 - httpx - INFO - HTTP Request: POST http://test/api/v1/orders "HTTP/1.1 307 Temporary Redirect"
2025-11-23 11:52:17 - httpx - INFO - HTTP Request: POST http://test/api/v1/orders "HTTP/1.1 307 Temporary Redirect"
2025-11-23 11:52:17 - httpx - INFO - HTTP Request: GET http://test/api/v1/users/me/orders "HTTP/1.1 200 OK"
2025-11-23 11:52:18 - httpx - INFO - HTTP Request: GET http://test/api/v1/users/me/orders/1 "HTTP/1.1 200 OK"
2025-11-23 11:52:18 - httpx - INFO - HTTP Request: GET http://test/api/v1/users/me/orders/99999 "HTTP/1.1 404 Not Found"
2025-11-23 11:52:19 - httpx - INFO - HTTP Request: GET http://test/api/v1/users/me/orders/1 "HTTP/1.1 404 Not Found"
2025-11-23 11:52:19 - httpx - INFO - HTTP Request: PUT http://test/api/v1/users/me/orders/1/cancel "HTTP/1.1 200 OK"
2025-11-23 11:52:19 - httpx - INFO - HTTP Request: PUT http://test/api/v1/users/me/orders/1/cancel "HTTP/1.1 400 Bad Request"
2025-11-23 11:52:20 - httpx - INFO - HTTP Request: POST http://test/api/v1/users/me/orders/1/reorder "HTTP/1.1 201 Created"
2025-11-23 11:52:20 - httpx - INFO - HTTP Request: POST http://test/api/v1/orders "HTTP/1.1 307 Temporary Redirect"
2025-11-23 11:52:20 - httpx - INFO - HTTP Request: GET http://test/api/v1/products "HTTP/1.1 307 Temporary Redirect"
2025-11-23 11:52:20 - httpx - INFO - HTTP Request: GET http://test/api/v1/products?category_id=1 "HTTP/1.1 307 Temporary Redirect"
2025-11-23 11:52:20 - httpx - INFO - HTTP Request: GET http://test/api/v1/products?search=Test%20 "HTTP/1.1 307 Temporary Redirect"
2025-11-23 11:52:20 - httpx - INFO - HTTP Request: GET http://test/api/v1/products?skip=0&limit=2 "HTTP/1.1 307 Temporary Redirect"
2025-11-23 11:52:20 - httpx - INFO - HTTP Request: GET http://test/api/v1/products/test-product "HTTP/1.1 200 OK"
2025-11-23 11:52:20 - httpx - INFO - HTTP Request: GET http://test/api/v1/products/nonexistent-product-slug-12345 "HTTP/1.1 404 Not Found"
2025-11-23 11:52:20 - httpx - INFO - HTTP Request: GET http://test/api/v1/products "HTTP/1.1 307 Temporary Redirect"
2025-11-23 11:52:20 - httpx - INFO - HTTP Request: GET http://test/api/v1/products/popular?limit=10 "HTTP/1.1 200 OK"
2025-11-23 11:52:20 - httpx - INFO - HTTP Request: GET http://test/api/v1/products?is_new=true "HTTP/1.1 307 Temporary Redirect"
2025-11-23 11:52:20 - httpx - INFO - HTTP Request: GET http://test/api/v1/products/1/recommendations?limit=4 "HTTP/1.1 200 OK"
2025-11-23 11:52:21 - httpx - INFO - HTTP Request: GET http://test/api/v1/products/99999/recommendations?limit=4 "HTTP/1.1 404 Not Found"
2025-11-23 11:52:21 - httpx - INFO - HTTP Request: GET http://test/api/v1/products?category_id=1&is_new=true&is_popular=true "HTTP/1.1 307 Temporary Redirect"
2025-11-23 11:52:21 - httpx - INFO - HTTP Request: GET http://test/api/v1/products?limit=1000 "HTTP/1.1 307 Temporary Redirect"
2025-11-23 11:52:21 - httpx - INFO - HTTP Request: GET http://test/api/v1/products?skip=-1 "HTTP/1.1 307 Temporary Redirect"
2025-11-23 11:52:21 - httpx - INFO - HTTP Request: GET http://test/api/v1/products/test-product "HTTP/1.1 200 OK"
2025-11-23 11:52:21 - httpx - INFO - HTTP Request: GET http://test/api/v1/promotions/ "HTTP/1.1 200 OK"
2025-11-23 11:52:21 - httpx - INFO - HTTP Request: GET http://test/api/v1/promotions/special-promotion "HTTP/1.1 200 OK"
2025-11-23 11:52:21 - httpx - INFO - HTTP Request: GET http://test/api/v1/promotions/nonexistent-promotion-slug-12345 "HTTP/1.1 404 Not Found"
2025-11-23 11:52:21 - httpx - INFO - HTTP Request: GET http://test/api/v1/promotions/ "HTTP/1.1 200 OK"
2025-11-23 11:52:21 - httpx - INFO - HTTP Request: GET http://test/api/v1/promotions/ "HTTP/1.1 200 OK"
2025-11-23 11:52:21 - httpx - INFO - HTTP Request: GET http://test/api/v1/promotions/limited-promotion "HTTP/1.1 200 OK"
2025-11-23 11:52:21 - httpx - INFO - HTTP Request: GET http://test/api/v1/promotions/?category_id=1 "HTTP/1.1 200 OK"
2025-11-23 11:52:21 - httpx - INFO - HTTP Request: GET http://test/api/v1/promotions/?product_id=1 "HTTP/1.1 200 OK"
2025-11-23 11:52:21 - httpx - INFO - HTTP Request: GET http://test/api/v1/promotions/?skip=0&limit=2 "HTTP/1.1 200 OK"
2025-11-23 11:52:21 - httpx - INFO - HTTP Request: GET http://test/api/v1/promotions/ "HTTP/1.1 200 OK"
2025-11-23 11:52:22 - httpx - INFO - HTTP Request: GET http://test/api/v1/reviews "HTTP/1.1 307 Temporary Redirect"
2025-11-23 11:52:22 - httpx - INFO - HTTP Request: GET http://test/api/v1/reviews/product/1 "HTTP/1.1 200 OK"
2025-11-23 11:52:22 - httpx - INFO - HTTP Request: GET http://test/api/v1/reviews?rating=5 "HTTP/1.1 307 Temporary Redirect"
2025-11-23 11:52:23 - httpx - INFO - HTTP Request: POST http://test/api/v1/reviews "HTTP/1.1 307 Temporary Redirect"
2025-11-23 11:52:23 - httpx - INFO - HTTP Request: POST http://test/api/v1/reviews "HTTP/1.1 307 Temporary Redirect"
2025-11-23 11:52:23 - httpx - INFO - HTTP Request: POST http://test/api/v1/reviews "HTTP/1.1 307 Temporary Redirect"
2025-11-23 11:52:23 - httpx - INFO - HTTP Request: GET http://test/api/v1/reviews/me "HTTP/1.1 200 OK"
2025-11-23 11:52:24 - httpx - INFO - HTTP Request: PUT http://test/api/v1/reviews/me/1 "HTTP/1.1 200 OK"
2025-11-23 11:52:24 - httpx - INFO - HTTP Request: PUT http://test/api/v1/reviews/me/1 "HTTP/1.1 400 Bad Request"
2025-11-23 11:52:24 - httpx - INFO - HTTP Request: DELETE http://test/api/v1/reviews/me/1 "HTTP/1.1 204 No Content"
2025-11-23 11:52:25 - httpx - INFO - HTTP Request: DELETE http://test/api/v1/reviews/me/1 "HTTP/1.1 404 Not Found"
2025-11-23 11:52:25 - httpx - INFO - HTTP Request: POST http://test/api/v1/reviews "HTTP/1.1 307 Temporary Redirect"
2025-11-23 11:52:25 - httpx - INFO - HTTP Request: GET http://test/api/v1/reviews?skip=0&limit=2 "HTTP/1.1 307 Temporary Redirect"
